<?xml version="1.0" encoding="UTF-8"?>
<!-- Generated by org.testng.reporters.JUnitReportReporter -->
<testsuite hostname="DESKTOP-FRLFC5T" failures="0" tests="1" name="testsamples.TestngAnnotationsTest" time="0.020" errors="0" timestamp="2024-03-14T11:13:00 IST" skipped="0">
  <testcase classname="testsamples.TestngAnnotationsTest" name="display5" time="0.020"/>
</testsuite> <!-- testsamples.TestngAnnotationsTest -->
