<?xml version="1.0" encoding="UTF-8"?>
<!-- Generated by org.testng.reporters.JUnitReportReporter -->
<testsuite hostname="DESKTOP-FRLFC5T" failures="0" tests="1" name="com.testcases.LandingPageTest" time="10.899" errors="0" timestamp="2024-03-18T13:54:01 IST" skipped="0">
  <testcase classname="com.testcases.LandingPageTest" name="verifyLandingPageLoginButton" time="10.899"/>
</testsuite> <!-- com.testcases.LandingPageTest -->
