<?xml version="1.0" encoding="UTF-8"?>
<!-- Generated by org.testng.reporters.JUnitReportReporter -->
<testsuite hostname="DESKTOP-FRLFC5T" failures="0" tests="3" name="testsamples.TestngAnnotationsTest" time="0.053" errors="0" timestamp="2024-03-22T20:51:35 IST" skipped="0">
  <testcase classname="testsamples.TestngAnnotationsTest" name="display5" time="0.034"/>
  <testcase classname="testsamples.TestngAnnotationsTest" name="display6" time="0.011"/>
  <testcase classname="testsamples.TestngAnnotationsTest" name="display7" time="0.008"/>
</testsuite> <!-- testsamples.TestngAnnotationsTest -->
