<?xml version="1.0" encoding="UTF-8"?>
<!-- Generated by org.testng.reporters.JUnitReportReporter -->
<testsuite hostname="DESKTOP-FRLFC5T" failures="0" tests="1" name="testsamples.DemoPractice" time="0.012" errors="0" timestamp="2024-03-12T19:31:38 IST" skipped="0">
  <testcase classname="testsamples.DemoPractice" name="runBrowser" time="0.012"/>
</testsuite> <!-- testsamples.DemoPractice -->
